Using pre-set license
Built from '2021.1/release' branch; Version is '2021.1.0f1 (61a549675243) revision 6399305'; Using compiler version '192528614'; Build Type 'Release'
OS: 'Windows 10 Home; OS build 19042.1165; Version 2009; 64bit' Language: 'en' Physical Memory: 12229 MB
BatchMode: 1, IsHumanControllingUs: 0, StartBugReporterOnCrash: 0, Is64bit: 1, IsPro: 0

 COMMAND LINE ARGUMENTS:
C:\Program Files\Unity\Hub\Editor\2021.1.0f1\Editor\Unity.exe
-adb2
-batchMode
-noUpm
-name
AssetImportWorker0
-projectPath
C:/Users/Daniel/Downloads/Communism Simulator
-logFile
Logs/AssetImportWorker0.log
-srvPort
61444
Successfully changed project path to: C:/Users/Daniel/Downloads/Communism Simulator
C:/Users/Daniel/Downloads/Communism Simulator
Using Asset Import Pipeline V2.
Refreshing native plugins compatible for Editor in 40.93 ms, found 0 plugins.
Preloading 0 native plugins for Editor in 0.00 ms.
Initialize engine version: 2021.1.0f1 (61a549675243)
[Subsystems] Discovering subsystems at path C:/Program Files/Unity/Hub/Editor/2021.1.0f1/Editor/Data/Resources/UnitySubsystems
[Subsystems] Discovering subsystems at path C:/Users/Daniel/Downloads/Communism Simulator/Assets
GfxDevice: creating device client; threaded=0; jobified=0
Direct3D:
    Version:  Direct3D 11.0 [level 11.1]
    Renderer: NVIDIA GeForce GTX 1060 6GB (ID=0x1c03)
    Vendor:   NVIDIA
    VRAM:     6052 MB
    Driver:   30.0.14.7168
Shader 'Universal Render Pipeline/Particles/Lit': fallback shader 'Universal Render Pipeline/Particles/SimpleLit' not found
Initialize mono
Mono path[0] = 'C:/Program Files/Unity/Hub/Editor/2021.1.0f1/Editor/Data/Managed'
Mono path[1] = 'C:/Program Files/Unity/Hub/Editor/2021.1.0f1/Editor/Data/MonoBleedingEdge/lib/mono/unityjit'
Mono config path = 'C:/Program Files/Unity/Hub/Editor/2021.1.0f1/Editor/Data/MonoBleedingEdge/etc'
Using monoOptions --debugger-agent=transport=dt_socket,embedding=1,server=y,suspend=n,address=127.0.0.1:56356
Begin MonoManager ReloadAssembly
Registering precompiled unity dll's ...
Register platform support module: C:/Program Files/Unity/Hub/Editor/2021.1.0f1/Editor/Data/PlaybackEngines/WindowsStandaloneSupport/UnityEditor.WindowsStandalone.Extensions.dll
Registered in 0.001811 seconds.
Native extension for WindowsStandalone target not found
Refreshing native plugins compatible for Editor in 38.36 ms, found 0 plugins.
Preloading 0 native plugins for Editor in 0.00 ms.
Mono: successfully reloaded assembly
- Completed reload, in  1.031 seconds
Platform modules already initialized, skipping
Registering precompiled user dll's ...
Registered in 0.000714 seconds.
Begin MonoManager ReloadAssembly
Native extension for WindowsStandalone target not found
Refreshing native plugins compatible for Editor in 40.23 ms, found 0 plugins.
Preloading 0 native plugins for Editor in 0.00 ms.
Mono: successfully reloaded assembly
- Completed reload, in  0.812 seconds
Platform modules already initialized, skipping
========================================================================
Worker process is ready to serve import requests
Shader 'Universal Render Pipeline/Particles/Lit': fallback shader 'Universal Render Pipeline/Particles/SimpleLit' not found
Launched and connected shader compiler UnityShaderCompiler.exe after 0.07 seconds
Refreshing native plugins compatible for Editor in 0.38 ms, found 0 plugins.
Preloading 0 native plugins for Editor in 0.00 ms.
Unloading 2451 Unused Serialized files (Serialized files now loaded: 0)
System memory in use before: 128.7 MB.
System memory in use after: 128.9 MB.

Unloading 9 unused Assets to reduce memory usage. Loaded Objects now: 2927.
Total: 1.830900 ms (FindLiveObjects: 0.172100 ms CreateObjectMapping: 0.099100 ms MarkObjects: 1.492700 ms  DeleteObjects: 0.066300 ms)

========================================================================
Received Import Request.
  path: Assets/Art Assets/Terrain_Textures/Leaf_Pile_01.png
  artifactKey: Guid(3b5078221729fcd47b30f7a3c25670c5) Importer(815301076,1909f56bfc062723c751e8b465ee728b)
Start importing Assets/Art Assets/Terrain_Textures/Leaf_Pile_01.png using Guid(3b5078221729fcd47b30f7a3c25670c5) Importer(815301076,1909f56bfc062723c751e8b465ee728b)  -> (artifact id: '762453e8562b4bd5ffaa735b274ec62b') in 0.088995 seconds 
========================================================================
Received Prepare
Registering precompiled user dll's ...
Registered in 0.000800 seconds.
Begin MonoManager ReloadAssembly
Native extension for WindowsStandalone target not found
Refreshing native plugins compatible for Editor in 0.39 ms, found 0 plugins.
Preloading 0 native plugins for Editor in 0.00 ms.
Mono: successfully reloaded assembly
- Completed reload, in  0.739 seconds
Platform modules already initialized, skipping
Shader 'Universal Render Pipeline/Particles/Lit': fallback shader 'Universal Render Pipeline/Particles/SimpleLit' not found
Refreshing native plugins compatible for Editor in 0.34 ms, found 0 plugins.
Preloading 0 native plugins for Editor in 0.00 ms.
Unloading 2343 Unused Serialized files (Serialized files now loaded: 0)
System memory in use before: 124.0 MB.
System memory in use after: 124.2 MB.

Unloading 4 unused Assets to reduce memory usage. Loaded Objects now: 2947.
Total: 4.223800 ms (FindLiveObjects: 0.201300 ms CreateObjectMapping: 0.089000 ms MarkObjects: 3.907800 ms  DeleteObjects: 0.024100 ms)

========================================================================
Received Import Request.
  Time since last request: 982.482833 seconds.
  path: Assets/Art Assets/Terrain_Textures/Snow_Ground_Layer.terrainlayer
  artifactKey: Guid(c146698b454964b4b932317401f12ca7) Importer(815301076,1909f56bfc062723c751e8b465ee728b)
Start importing Assets/Art Assets/Terrain_Textures/Snow_Ground_Layer.terrainlayer using Guid(c146698b454964b4b932317401f12ca7) Importer(815301076,1909f56bfc062723c751e8b465ee728b)  -> (artifact id: '7a5afcb0f4c5735e48238a247c52ebe8') in 0.052254 seconds 
========================================================================
Received Import Request.
  Time since last request: 0.000202 seconds.
  path: Assets/Art Assets/Terrain_Textures/Leaf_Pile_01_Layer.terrainlayer
  artifactKey: Guid(e64397d77bed0374898a944d6db52718) Importer(815301076,1909f56bfc062723c751e8b465ee728b)
Start importing Assets/Art Assets/Terrain_Textures/Leaf_Pile_01_Layer.terrainlayer using Guid(e64397d77bed0374898a944d6db52718) Importer(815301076,1909f56bfc062723c751e8b465ee728b)  -> (artifact id: '09fdb4982d7eff4310a28a44b7b11d20') in 0.010103 seconds 
AssetImportWorkerClient::OnTransportError - code=2 error=End of file
